<?xml version="1.0" encoding="UTF-8"?>
<!-- Generated by org.testng.reporters.JUnitXMLReporter -->
<testsuite ignored="2" hostname="DESKTOP-MGUTKMH" failures="0" tests="1" name="Default test" time="28.209" errors="0" timestamp="26 Aug 2024 15:45:08 GMT">
  <testcase classname="com.comcast.crm.orgtest.CreateOrganizationTest" name="createOrganizationTest" time="15.83"/>
  <testcase classname="com.comcast.crm.orgtest.CreateOrganizationTest" name="createOrgWithPhoneNumTest" time="0.0">
    <ignored/>
  </testcase> <!-- createOrgWithPhoneNumTest -->
  <testcase classname="com.comcast.crm.orgtest.CreateOrganizationTest" name="createOrgWithIndustryAndTypeTest" time="0.0">
    <ignored/>
  </testcase> <!-- createOrgWithIndustryAndTypeTest -->
</testsuite> <!-- Default test -->
