<?xml version="1.0" encoding="UTF-8"?>
<testng-results ignored="2" total="3" passed="1" failed="0" skipped="0">
  <reporter-output>
  </reporter-output>
  <suite started-at="2024-08-27T04:54:38Z" name="Suite" finished-at="2024-08-27T04:54:52Z" duration-ms="14634">
    <groups>
      <group name="smokeTest">
        <method signature="CreateOrganizationTest.createOrganizationTest()[pri:0, instance:com.comcast.crm.orgtest.CreateOrganizationTest@6af9fcb2]" name="createOrganizationTest" class="com.comcast.crm.orgtest.CreateOrganizationTest"/>
      </group> <!-- smokeTest -->
    </groups>
    <test started-at="2024-08-27T04:54:38Z" name="Test" finished-at="2024-08-27T04:54:52Z" duration-ms="14634">
      <class name="com.comcast.crm.orgtest.CreateOrganizationTest">
        <test-method is-config="true" signature="configBS()[pri:0, instance:com.comcast.crm.orgtest.CreateOrganizationTest@6af9fcb2]" started-at="2024-08-27T04:54:38Z" name="configBS" finished-at="2024-08-27T04:54:38Z" duration-ms="249" status="PASS">
          <reporter-output>
          </reporter-output>
        </test-method> <!-- configBS -->
        <test-method is-config="true" signature="configBc()[pri:0, instance:com.comcast.crm.orgtest.CreateOrganizationTest@6af9fcb2]" started-at="2024-08-27T04:54:38Z" name="configBc" finished-at="2024-08-27T04:54:40Z" duration-ms="2135" status="PASS">
          <reporter-output>
          </reporter-output>
        </test-method> <!-- configBc -->
        <test-method is-config="true" signature="configBM()[pri:0, instance:com.comcast.crm.orgtest.CreateOrganizationTest@6af9fcb2]" started-at="2024-08-27T04:54:40Z" name="configBM" finished-at="2024-08-27T04:54:43Z" duration-ms="2980" status="PASS">
          <reporter-output>
          </reporter-output>
        </test-method> <!-- configBM -->
        <test-method signature="createOrganizationTest()[pri:0, instance:com.comcast.crm.orgtest.CreateOrganizationTest@6af9fcb2]" started-at="2024-08-27T04:54:43Z" name="createOrganizationTest" finished-at="2024-08-27T04:54:51Z" duration-ms="8019" status="PASS">
          <reporter-output>
          </reporter-output>
        </test-method> <!-- createOrganizationTest -->
        <test-method is-config="true" signature="configAm()[pri:0, instance:com.comcast.crm.orgtest.CreateOrganizationTest@6af9fcb2]" started-at="2024-08-27T04:54:51Z" name="configAm" finished-at="2024-08-27T04:54:52Z" duration-ms="1262" status="PASS">
          <reporter-output>
          </reporter-output>
        </test-method> <!-- configAm -->
        <test-method is-config="true" signature="config()[pri:0, instance:com.comcast.crm.orgtest.CreateOrganizationTest@6af9fcb2]" started-at="2024-08-27T04:54:52Z" name="config" finished-at="2024-08-27T04:54:52Z" duration-ms="223" status="PASS">
          <reporter-output>
          </reporter-output>
        </test-method> <!-- config -->
        <test-method is-config="true" signature="configAS()[pri:0, instance:com.comcast.crm.orgtest.CreateOrganizationTest@6af9fcb2]" started-at="2024-08-27T04:54:52Z" name="configAS" finished-at="2024-08-27T04:54:52Z" duration-ms="6" status="PASS">
          <reporter-output>
          </reporter-output>
        </test-method> <!-- configAS -->
      </class> <!-- com.comcast.crm.orgtest.CreateOrganizationTest -->
    </test> <!-- Test -->
  </suite> <!-- Suite -->
</testng-results>
